app/build/intermediates/manifest_merge_blame_file/debug/manifest-merger-blame-debug-report.txt
1<?xml version="1.0" encoding="utf-8"?>
2<manifest xmlns:android="http://schemas.android.com/apk/res/android"
3    package="com.muse.muskot"
4    android:versionCode="1"
5    android:versionName="1.0" >
6
7    <uses-sdk
8        android:minSdkVersion="18"
8-->src\main\AndroidManifest.xml
9        android:targetSdkVersion="29" />
9-->src\main\AndroidManifest.xml
10
11    <!-- Include required permissions for Google Maps API to run. -->
12    <uses-permission android:name="android.permission.ACCESS_NETWORK_STATE" />
12-->[com.google.android.gms:play-services-maps:17.0.0] AndroidManifest.xml:23:5-79
12-->[com.google.android.gms:play-services-maps:17.0.0] AndroidManifest.xml:23:22-76
13    <uses-permission android:name="android.permission.INTERNET" />
13-->[com.google.android.gms:play-services-maps:17.0.0] AndroidManifest.xml:24:5-67
13-->[com.google.android.gms:play-services-maps:17.0.0] AndroidManifest.xml:24:22-64
14
15    <uses-feature
15-->[com.google.android.gms:play-services-maps:17.0.0] AndroidManifest.xml:26:5-28:35
16        android:glEsVersion="0x00020000"
16-->[com.google.android.gms:play-services-maps:17.0.0] AndroidManifest.xml:27:9-41
17        android:required="true" />
17-->[com.google.android.gms:play-services-maps:17.0.0] AndroidManifest.xml:28:9-32
18
19    <application
19-->src\main\AndroidManifest.xml:5:5-40:19
20        android:allowBackup="true"
20-->src\main\AndroidManifest.xml:6:9-35
21        android:appComponentFactory="androidx.core.app.CoreComponentFactory"
21-->[androidx.core:core:1.3.0-alpha02] AndroidManifest.xml:24:18-86
22        android:debuggable="true"
23        android:icon="@mipmap/ic_launcher"
23-->src\main\AndroidManifest.xml:7:9-43
24        android:label="@string/app_name"
24-->src\main\AndroidManifest.xml:8:9-41
25        android:roundIcon="@mipmap/ic_launcher_round"
25-->src\main\AndroidManifest.xml:9:9-54
26        android:supportsRtl="true"
26-->src\main\AndroidManifest.xml:10:9-35
27        android:testOnly="true"
28        android:theme="@style/AppTheme" >
28-->src\main\AndroidManifest.xml:11:9-40
29        <activity android:name="com.muse.muskot.MainActivity" >
29-->src\main\AndroidManifest.xml:12:9-17:20
29-->src\main\AndroidManifest.xml:12:19-47
30            <intent-filter>
30-->src\main\AndroidManifest.xml:13:13-16:29
31                <action android:name="android.intent.action.MAIN" />
31-->src\main\AndroidManifest.xml:14:17-69
31-->src\main\AndroidManifest.xml:14:25-66
32
33                <category android:name="android.intent.category.LAUNCHER" />
33-->src\main\AndroidManifest.xml:15:17-77
33-->src\main\AndroidManifest.xml:15:27-74
34            </intent-filter>
35        </activity>
36        <activity android:name="com.muse.muskot.Main2Activity" >
36-->src\main\AndroidManifest.xml:19:9-30:20
36-->src\main\AndroidManifest.xml:19:19-48
37            <intent-filter>
37-->src\main\AndroidManifest.xml:20:13-29:29
38                <action android:name="android.intent.action.VIEW" />
38-->src\main\AndroidManifest.xml:21:17-69
38-->src\main\AndroidManifest.xml:21:25-66
39
40                <category android:name="android.intent.category.DEFAULT" />
40-->src\main\AndroidManifest.xml:22:17-76
40-->src\main\AndroidManifest.xml:22:27-73
41                <category android:name="android.intent.category.BROWSABLE" />
41-->src\main\AndroidManifest.xml:23:17-78
41-->src\main\AndroidManifest.xml:23:27-75
42
43                <data
43-->src\main\AndroidManifest.xml:25:17-28:46
44                    android:host="www.traveloka.com"
44-->src\main\AndroidManifest.xml:26:21-53
45                    android:pathPrefix="/ticket"
45-->src\main\AndroidManifest.xml:27:21-49
46                    android:scheme="https" />
46-->src\main\AndroidManifest.xml:28:21-43
47            </intent-filter>
48        </activity>
49        <activity android:name="com.muse.muskot.Main3Activity" />
49-->src\main\AndroidManifest.xml:31:9-51
49-->src\main\AndroidManifest.xml:31:19-48
50        <activity android:name="com.muse.muskot.Main4Activity" >
50-->src\main\AndroidManifest.xml:32:9-37:20
50-->src\main\AndroidManifest.xml:32:19-48
51            <intent-filter>
51-->src\main\AndroidManifest.xml:13:13-16:29
52                <action android:name="android.intent.action.MAIN" />
52-->src\main\AndroidManifest.xml:14:17-69
52-->src\main\AndroidManifest.xml:14:25-66
53
54                <category android:name="android.intent.category.LAUNCHER" />
54-->src\main\AndroidManifest.xml:15:17-77
54-->src\main\AndroidManifest.xml:15:27-74
55            </intent-filter>
56        </activity>
57
58        <!-- Needs to be explicitly declared on P+ -->
59        <uses-library
59-->[com.google.android.gms:play-services-maps:17.0.0] AndroidManifest.xml:33:9-35:40
60            android:name="org.apache.http.legacy"
60-->[com.google.android.gms:play-services-maps:17.0.0] AndroidManifest.xml:34:13-50
61            android:required="false" />
61-->[com.google.android.gms:play-services-maps:17.0.0] AndroidManifest.xml:35:13-37
62
63        <activity
63-->[com.google.android.gms:play-services-base:17.0.0] AndroidManifest.xml:23:9-26:75
64            android:name="com.google.android.gms.common.api.GoogleApiActivity"
64-->[com.google.android.gms:play-services-base:17.0.0] AndroidManifest.xml:24:13-79
65            android:exported="false"
65-->[com.google.android.gms:play-services-base:17.0.0] AndroidManifest.xml:25:13-37
66            android:theme="@android:style/Theme.Translucent.NoTitleBar" />
66-->[com.google.android.gms:play-services-base:17.0.0] AndroidManifest.xml:26:13-72
67
68        <meta-data
68-->[com.google.android.gms:play-services-basement:17.0.0] AndroidManifest.xml:23:9-25:69
69            android:name="com.google.android.gms.version"
69-->[com.google.android.gms:play-services-basement:17.0.0] AndroidManifest.xml:24:13-58
70            android:value="@integer/google_play_services_version" />
70-->[com.google.android.gms:play-services-basement:17.0.0] AndroidManifest.xml:25:13-66
71    </application>
72
73</manifest>